#
# There is insufficient memory for the Java Runtime Environment to continue.
# Native memory allocation (mmap) failed to map 37748736 bytes for G1 virtual space
# Possible reasons:
#   The system is out of physical RAM or swap space
#   The process is running with CompressedOops enabled, and the Java Heap may be blocking the growth of the native heap
# Possible solutions:
#   Reduce memory load on the system
#   Increase physical memory or swap space
#   Check if swap backing store is full
#   Decrease Java heap size (-Xmx/-Xms)
#   Decrease number of Java threads
#   Decrease Java thread stack sizes (-Xss)
#   Set larger code cache with -XX:ReservedCodeCacheSize=
#   JVM is running with Unscaled Compressed Oops mode in which the Java heap is
#     placed in the first 4GB address space. The Java Heap base address is the
#     maximum limit for the native heap growth. Please use -XX:HeapBaseMinAddress
#     to set the Java Heap base and to place the Java Heap above 4GB virtual address.
# This output file may be truncated or incomplete.
#
#  Out of Memory Error (os_windows.cpp:3551), pid=29112, tid=40324
#
# JRE version: Java(TM) SE Runtime Environment (17.0.15+9) (build 17.0.15+9-LTS-241)
# Java VM: Java HotSpot(TM) 64-Bit Server VM (17.0.15+9-LTS-241, mixed mode, sharing, tiered, compressed oops, compressed class ptrs, g1 gc, windows-amd64)
# No core dump will be written. Minidumps are not enabled by default on client versions of Windows
#

---------------  S U M M A R Y ------------

Command Line: -javaagent:C:\Program Files\JetBrains\IntelliJ IDEA Community Edition 2025.1.4.1\lib\idea_rt.jar=62720 -Dfile.encoding=UTF-8 com.articlehub.ArticlePlatformBackendApplication

Host: Intel(R) Core(TM) i7-8550U CPU @ 1.80GHz, 8 cores, 7G,  Windows 11 , 64 bit Build 22000 (10.0.22000.1219)
Time: Wed May  6 22:43:43 2026 India Standard Time elapsed time: 7.863175 seconds (0d 0h 0m 7s)

---------------  T H R E A D  ---------------

Current thread (0x000001c3a4b44050):  VMThread "VM Thread" [stack: 0x0000007e1ac00000,0x0000007e1ad00000] [id=40324]

Stack: [0x0000007e1ac00000,0x0000007e1ad00000]
Native frames: (J=compiled Java code, j=interpreted, Vv=VM code, C=native code)
V  [jvm.dll+0x67a46a]
V  [jvm.dll+0x7da6ad]
V  [jvm.dll+0x7dbff3]
V  [jvm.dll+0x7dc663]
V  [jvm.dll+0x24523f]
V  [jvm.dll+0x677499]
V  [jvm.dll+0x66c122]
V  [jvm.dll+0x302156]
V  [jvm.dll+0x3096f6]
V  [jvm.dll+0x35a04e]
V  [jvm.dll+0x35a27f]
V  [jvm.dll+0x2d9228]
V  [jvm.dll+0x2d765d]
V  [jvm.dll+0x2d6cac]
V  [jvm.dll+0x31a80b]
V  [jvm.dll+0x7e0f5b]
V  [jvm.dll+0x7e1c94]
V  [jvm.dll+0x7e21ad]
V  [jvm.dll+0x7e2584]
V  [jvm.dll+0x7e2650]
V  [jvm.dll+0x78b0ba]
V  [jvm.dll+0x679355]
C  [ucrtbase.dll+0x26c0c]
C  [KERNEL32.DLL+0x15550]
C  [ntdll.dll+0x485b]

VM_Operation (0x0000007e1bcf7270): G1CollectForAllocation, mode: safepoint, requested by thread 0x000001c3eacee3b0


---------------  P R O C E S S  ---------------

Threads class SMR info:
_java_thread_list=0x000001c3ed838a50, length=21, elements={
0x000001c386e29330, 0x000001c3a4b49b10, 0x000001c3a4b4b6d0, 0x000001c3a4b5b000,
0x000001c3a4b5d9d0, 0x000001c3a4b5e380, 0x000001c3a4b65160, 0x000001c384b42ad0,
0x000001c384b44930, 0x000001c3a4b77420, 0x000001c3a4b33300, 0x000001c3ea5bb170,
0x000001c3ea5bb640, 0x000001c3eab7f2a0, 0x000001c3eacee3b0, 0x000001c3ec726d00,
0x000001c3ec7259c0, 0x000001c3ec726830, 0x000001c3ec7271d0, 0x000001c3ec7276a0,
0x000001c3ec726360
}

Java Threads: ( => current thread )
  0x000001c386e29330 JavaThread "main" [_thread_blocked, id=36600, stack(0x0000007e1a600000,0x0000007e1a700000)]
  0x000001c3a4b49b10 JavaThread "Reference Handler" daemon [_thread_blocked, id=17644, stack(0x0000007e1ad00000,0x0000007e1ae00000)]
  0x000001c3a4b4b6d0 JavaThread "Finalizer" daemon [_thread_blocked, id=28984, stack(0x0000007e1ae00000,0x0000007e1af00000)]
  0x000001c3a4b5b000 JavaThread "Signal Dispatcher" daemon [_thread_blocked, id=1108, stack(0x0000007e1af00000,0x0000007e1b000000)]
  0x000001c3a4b5d9d0 JavaThread "Attach Listener" daemon [_thread_blocked, id=16240, stack(0x0000007e1b000000,0x0000007e1b100000)]
  0x000001c3a4b5e380 JavaThread "Service Thread" daemon [_thread_blocked, id=37408, stack(0x0000007e1b100000,0x0000007e1b200000)]
  0x000001c3a4b65160 JavaThread "Monitor Deflation Thread" daemon [_thread_blocked, id=31196, stack(0x0000007e1b200000,0x0000007e1b300000)]
  0x000001c384b42ad0 JavaThread "C2 CompilerThread0" daemon [_thread_in_native, id=38056, stack(0x0000007e1b300000,0x0000007e1b400000)]
  0x000001c384b44930 JavaThread "C1 CompilerThread0" daemon [_thread_blocked, id=31284, stack(0x0000007e1b400000,0x0000007e1b500000)]
  0x000001c3a4b77420 JavaThread "Sweeper thread" daemon [_thread_blocked, id=19124, stack(0x0000007e1b500000,0x0000007e1b600000)]
  0x000001c3a4b33300 JavaThread "Common-Cleaner" daemon [_thread_blocked, id=30416, stack(0x0000007e1b600000,0x0000007e1b700000)]
  0x000001c3ea5bb170 JavaThread "Monitor Ctrl-Break" daemon [_thread_in_native, id=18760, stack(0x0000007e1b700000,0x0000007e1b800000)]
  0x000001c3ea5bb640 JavaThread "Notification Thread" daemon [_thread_blocked, id=29556, stack(0x0000007e1b800000,0x0000007e1b900000)]
  0x000001c3eab7f2a0 JavaThread "Thread-0" [_thread_blocked, id=34288, stack(0x0000007e1bb00000,0x0000007e1bc00000)]
  0x000001c3eacee3b0 JavaThread "restartedMain" [_thread_blocked, id=30336, stack(0x0000007e1bc00000,0x0000007e1bd00000)]
  0x000001c3ec726d00 JavaThread "Catalina-utility-1" [_thread_blocked, id=33992, stack(0x0000007e1c200000,0x0000007e1c300000)]
  0x000001c3ec7259c0 JavaThread "Catalina-utility-2" [_thread_blocked, id=39960, stack(0x0000007e1c600000,0x0000007e1c700000)]
  0x000001c3ec726830 JavaThread "container-0" [_thread_blocked, id=40592, stack(0x0000007e1c700000,0x0000007e1c800000)]
  0x000001c3ec7271d0 JavaThread "Cleaner-0" daemon [_thread_blocked, id=15260, stack(0x0000007e1c900000,0x0000007e1ca00000)]
  0x000001c3ec7276a0 JavaThread "HikariPool-1:housekeeper" daemon [_thread_blocked, id=34708, stack(0x0000007e1ca00000,0x0000007e1cb00000)]
  0x000001c3ec726360 JavaThread "HikariPool-1:connection-adder" daemon [_thread_blocked, id=31792, stack(0x0000007e1cb00000,0x0000007e1cc00000)]

Other Threads:
=>0x000001c3a4b44050 VMThread "VM Thread" [stack: 0x0000007e1ac00000,0x0000007e1ad00000] [id=40324]
  0x000001c384b40d90 WatcherThread [stack: 0x0000007e1b900000,0x0000007e1ba00000] [id=31200]
  0x000001c386e82040 GCTaskThread "GC Thread#0" [stack: 0x0000007e1a700000,0x0000007e1a800000] [id=11000]
  0x000001c3eb809bb0 GCTaskThread "GC Thread#1" [stack: 0x0000007e1bd00000,0x0000007e1be00000] [id=5036]
  0x000001c3eabd6030 GCTaskThread "GC Thread#2" [stack: 0x0000007e1be00000,0x0000007e1bf00000] [id=1012]
  0x000001c3eb1f8730 GCTaskThread "GC Thread#3" [stack: 0x0000007e1bf00000,0x0000007e1c000000] [id=35668]
  0x000001c3eb6748e0 GCTaskThread "GC Thread#4" [stack: 0x0000007e1c000000,0x0000007e1c100000] [id=30904]
  0x000001c3eb674ba0 GCTaskThread "GC Thread#5" [stack: 0x0000007e1c100000,0x0000007e1c200000] [id=34740]
  0x000001c3ebb9d850 GCTaskThread "GC Thread#6" [stack: 0x0000007e1c300000,0x0000007e1c400000] [id=10804]
  0x000001c3eb8755e0 GCTaskThread "GC Thread#7" [stack: 0x0000007e1c400000,0x0000007e1c500000] [id=35496]
  0x000001c384c0e0c0 ConcurrentGCThread "G1 Main Marker" [stack: 0x0000007e1a800000,0x0000007e1a900000] [id=29300]
  0x000001c384c0e970 ConcurrentGCThread "G1 Conc#0" [stack: 0x0000007e1a900000,0x0000007e1aa00000] [id=3996]
  0x000001c3ebfc67d0 ConcurrentGCThread "G1 Conc#1" [stack: 0x0000007e1c500000,0x0000007e1c600000] [id=38636]
  0x000001c386ecde90 ConcurrentGCThread "G1 Refine#0" [stack: 0x0000007e1aa00000,0x0000007e1ab00000] [id=30064]
  0x000001c386ece760 ConcurrentGCThread "G1 Service" [stack: 0x0000007e1ab00000,0x0000007e1ac00000] [id=29868]

Threads with active compile tasks:
C2 CompilerThread0     7963 4757   !   4       jdk.internal.loader.BuiltinClassLoader::findClassOnClassPathOrNull (64 bytes)

VM state: at safepoint (normal execution)

VM Mutex/Monitor currently owned by a thread:  ([mutex/lock_event])
[0x000001c386e25760] Threads_lock - owner thread: 0x000001c3a4b44050
[0x000001c386e25880] Heap_lock - owner thread: 0x000001c3eacee3b0

Heap address: 0x0000000081c00000, size: 2020 MB, Compressed Oops mode: 32-bit

CDS archive(s) mapped at: [0x000001c3a5000000-0x000001c3a5bd0000-0x000001c3a5bd0000), size 12386304, SharedBaseAddress: 0x000001c3a5000000, ArchiveRelocationMode: 1.
Compressed class space mapped at: 0x000001c3a6000000-0x000001c3e6000000, reserved size: 1073741824
Narrow klass base: 0x000001c3a5000000, Narrow klass shift: 0, Narrow klass range: 0x100000000

GC Precious Log:
 CPUs: 8 total, 8 available
 Memory: 8078M
 Large Page Support: Disabled
 NUMA Support: Disabled
 Compressed Oops: Enabled (32-bit)
 Heap Region Size: 1M
 Heap Min Capacity: 8M
 Heap Initial Capacity: 128M
 Heap Max Capacity: 2020M
 Pre-touch: Disabled
 Parallel Workers: 8
 Concurrent Workers: 2
 Concurrent Refinement Workers: 8
 Periodic GC: Disabled

Heap:
 garbage-first heap   total 51200K, used 22981K [0x0000000081c00000, 0x0000000100000000)
  region size 1024K, 2 young (2048K), 2 survivors (2048K)
 Metaspace       used 44318K, committed 44864K, reserved 1114112K
  class space    used 5927K, committed 6208K, reserved 1048576K

Heap Regions: E=young(eden), S=young(survivor), O=old, HS=humongous(starts), HC=humongous(continues), CS=collection set, F=free, OA=open archive, CA=closed archive, TAMS=top-at-mark-start (previous, next)
|   0|0x0000000081c00000, 0x0000000081d00000, 0x0000000081d00000|100%|HS|  |TAMS 0x0000000081d00000, 0x0000000081c00000| Complete 
|   1|0x0000000081d00000, 0x0000000081e00000, 0x0000000081e00000|100%|HS|  |TAMS 0x0000000081e00000, 0x0000000081d00000| Complete 
|   2|0x0000000081e00000, 0x0000000081f00000, 0x0000000081f00000|100%| O|  |TAMS 0x0000000081f00000, 0x0000000081e00000| Untracked 
|   3|0x0000000081f00000, 0x0000000082000000, 0x0000000082000000|100%| O|  |TAMS 0x0000000082000000, 0x0000000081f00000| Untracked 
|   4|0x0000000082000000, 0x0000000082100000, 0x0000000082100000|100%| O|  |TAMS 0x0000000082100000, 0x0000000082000000| Untracked 
|   5|0x0000000082100000, 0x0000000082200000, 0x0000000082200000|100%| O|  |TAMS 0x0000000082200000, 0x0000000082100000| Untracked 
|   6|0x0000000082200000, 0x0000000082300000, 0x0000000082300000|100%| O|  |TAMS 0x0000000082300000, 0x0000000082200000| Untracked 
|   7|0x0000000082300000, 0x0000000082400000, 0x0000000082400000|100%| O|  |TAMS 0x0000000082400000, 0x0000000082300000| Untracked 
|   8|0x0000000082400000, 0x0000000082500000, 0x0000000082500000|100%| O|  |TAMS 0x0000000082500000, 0x0000000082400000| Untracked 
|   9|0x0000000082500000, 0x0000000082600000, 0x0000000082600000|100%| O|  |TAMS 0x0000000082600000, 0x0000000082500000| Untracked 
|  10|0x0000000082600000, 0x0000000082700000, 0x0000000082700000|100%| O|  |TAMS 0x0000000082700000, 0x0000000082600000| Untracked 
|  11|0x0000000082700000, 0x0000000082800000, 0x0000000082800000|100%| O|  |TAMS 0x0000000082800000, 0x0000000082700000| Untracked 
|  12|0x0000000082800000, 0x0000000082900000, 0x0000000082900000|100%| O|  |TAMS 0x0000000082900000, 0x0000000082800000| Untracked 
|  13|0x0000000082900000, 0x0000000082a00000, 0x0000000082a00000|100%| O|  |TAMS 0x0000000082a00000, 0x0000000082900000| Untracked 
|  14|0x0000000082a00000, 0x0000000082b00000, 0x0000000082b00000|100%| O|  |TAMS 0x0000000082b00000, 0x0000000082a00000| Untracked 
|  15|0x0000000082b00000, 0x0000000082b00000, 0x0000000082c00000|  0%| F|  |TAMS 0x0000000082b00000, 0x0000000082b00000| Untracked 
|  16|0x0000000082c00000, 0x0000000082d00000, 0x0000000082d00000|100%| O|  |TAMS 0x0000000082d00000, 0x0000000082c00000| Untracked 
|  17|0x0000000082d00000, 0x0000000082e00000, 0x0000000082e00000|100%| O|  |TAMS 0x0000000082e00000, 0x0000000082d00000| Untracked 
|  18|0x0000000082e00000, 0x0000000082f00000, 0x0000000082f00000|100%| O|  |TAMS 0x0000000082eb2200, 0x0000000082e00000| Untracked 
|  19|0x0000000082f00000, 0x0000000083000000, 0x0000000083000000|100%| O|  |TAMS 0x0000000082f00000, 0x0000000082f00000| Untracked 
|  20|0x0000000083000000, 0x0000000083100000, 0x0000000083100000|100%| O|  |TAMS 0x0000000083000000, 0x0000000083000000| Untracked 
|  21|0x0000000083100000, 0x0000000083200000, 0x0000000083200000|100%| O|  |TAMS 0x0000000083100000, 0x0000000083100000| Untracked 
|  22|0x0000000083200000, 0x000000008323b000, 0x0000000083300000| 23%| O|  |TAMS 0x0000000083200000, 0x0000000083200000| Untracked 
|  23|0x0000000083300000, 0x0000000083300000, 0x0000000083400000|  0%| F|  |TAMS 0x0000000083300000, 0x0000000083300000| Untracked 
|  24|0x0000000083400000, 0x0000000083400000, 0x0000000083500000|  0%| F|  |TAMS 0x0000000083400000, 0x0000000083400000| Untracked 
|  25|0x0000000083500000, 0x0000000083500000, 0x0000000083600000|  0%| F|  |TAMS 0x0000000083500000, 0x0000000083500000| Untracked 
|  26|0x0000000083600000, 0x0000000083600000, 0x0000000083700000|  0%| F|  |TAMS 0x0000000083600000, 0x0000000083600000| Untracked 
|  27|0x0000000083700000, 0x0000000083700000, 0x0000000083800000|  0%| F|  |TAMS 0x0000000083700000, 0x0000000083700000| Untracked 
|  28|0x0000000083800000, 0x0000000083800000, 0x0000000083900000|  0%| F|  |TAMS 0x0000000083800000, 0x0000000083800000| Untracked 
|  29|0x0000000083900000, 0x0000000083900000, 0x0000000083a00000|  0%| F|  |TAMS 0x0000000083900000, 0x0000000083900000| Untracked 
|  30|0x0000000083a00000, 0x0000000083a367e0, 0x0000000083b00000| 21%| S|CS|TAMS 0x0000000083a00000, 0x0000000083a00000| Complete 
|  31|0x0000000083b00000, 0x0000000083c00000, 0x0000000083c00000|100%| S|CS|TAMS 0x0000000083b00000, 0x0000000083b00000| Complete 
|  32|0x0000000083c00000, 0x0000000083c00000, 0x0000000083d00000|  0%| F|  |TAMS 0x0000000083c00000, 0x0000000083c00000| Untracked 
|  33|0x0000000083d00000, 0x0000000083d00000, 0x0000000083e00000|  0%| F|  |TAMS 0x0000000083d00000, 0x0000000083d00000| Untracked 
|  34|0x0000000083e00000, 0x0000000083e00000, 0x0000000083f00000|  0%| F|  |TAMS 0x0000000083e00000, 0x0000000083e00000| Untracked 
|  35|0x0000000083f00000, 0x0000000083f00000, 0x0000000084000000|  0%| F|  |TAMS 0x0000000083f00000, 0x0000000083f00000| Untracked 
|  36|0x0000000084000000, 0x0000000084000000, 0x0000000084100000|  0%| F|  |TAMS 0x0000000084000000, 0x0000000084000000| Untracked 
|  37|0x0000000084100000, 0x0000000084100000, 0x0000000084200000|  0%| F|  |TAMS 0x0000000084100000, 0x0000000084100000| Untracked 
|  38|0x0000000084200000, 0x0000000084200000, 0x0000000084300000|  0%| F|  |TAMS 0x0000000084200000, 0x0000000084200000| Untracked 
|  39|0x0000000084300000, 0x0000000084300000, 0x0000000084400000|  0%| F|  |TAMS 0x0000000084300000, 0x0000000084300000| Untracked 
|  40|0x0000000084400000, 0x0000000084400000, 0x0000000084500000|  0%| F|  |TAMS 0x0000000084400000, 0x0000000084400000| Untracked 
|  41|0x0000000084500000, 0x0000000084500000, 0x0000000084600000|  0%| F|  |TAMS 0x0000000084500000, 0x0000000084500000| Untracked 
|  42|0x0000000084600000, 0x0000000084600000, 0x0000000084700000|  0%| F|  |TAMS 0x0000000084600000, 0x0000000084600000| Untracked 
|  79|0x0000000086b00000, 0x0000000086b00000, 0x0000000086c00000|  0%| F|  |TAMS 0x0000000086b00000, 0x0000000086b00000| Untracked 
|  80|0x0000000086c00000, 0x0000000086c00000, 0x0000000086d00000|  0%| F|  |TAMS 0x0000000086c00000, 0x0000000086c00000| Untracked 
|  81|0x0000000086d00000, 0x0000000086d00000, 0x0000000086e00000|  0%| F|  |TAMS 0x0000000086d00000, 0x0000000086d00000| Untracked 
|  82|0x0000000086e00000, 0x0000000086e00000, 0x0000000086f00000|  0%| F|  |TAMS 0x0000000086e00000, 0x0000000086e00000| Untracked 
|  83|0x0000000086f00000, 0x0000000086f00000, 0x0000000087000000|  0%| F|  |TAMS 0x0000000086f00000, 0x0000000086f00000| Untracked 
|  84|0x0000000087000000, 0x0000000087000000, 0x0000000087100000|  0%| F|  |TAMS 0x0000000087000000, 0x0000000087000000| Untracked 
| 127|0x0000000089b00000, 0x0000000089b00000, 0x0000000089c00000|  0%| F|  |TAMS 0x0000000089b00000, 0x0000000089b00000| Untracked 

Card table byte_map: [0x000001c39de20000,0x000001c39e220000] _byte_map_base: 0x000001c39da12000

Marking Bits (Prev, Next): (CMBitMap*) 0x000001c386e83670, (CMBitMap*) 0x000001c386e836b0
 Prev Bits: [0x000001c39e620000, 0x000001c3a05b0000)
 Next Bits: [0x000001c3a05b0000, 0x000001c3a2540000)

Polling page: 0x000001c384ca0000

Metaspace:

Usage:
  Non-class:     37.49 MB used.
      Class:      5.79 MB used.
       Both:     43.28 MB used.

Virtual space:
  Non-class space:       64.00 MB reserved,      37.75 MB ( 59%) committed,  1 nodes.
      Class space:        1.00 GB reserved,       6.06 MB ( <1%) committed,  1 nodes.
             Both:        1.06 GB reserved,      43.81 MB (  4%) committed. 

Chunk freelists:
   Non-Class:  9.91 MB
       Class:  9.94 MB
        Both:  19.85 MB

MaxMetaspaceSize: unlimited
CompressedClassSpaceSize: 1.00 GB
Initial GC threshold: 21.00 MB
Current GC threshold: 59.00 MB
CDS: on
MetaspaceReclaimPolicy: balanced
 - commit_granule_bytes: 65536.
 - commit_granule_words: 8192.
 - virtual_space_node_default_size: 8388608.
 - enlarge_chunks_in_place: 1.
 - new_chunks_are_fully_committed: 0.
 - uncommit_free_chunks: 1.
 - use_allocation_guard: 0.
 - handle_deallocations: 1.


Internal statistics:

num_allocs_failed_limit: 6.
num_arena_births: 754.
num_arena_deaths: 0.
num_vsnodes_births: 2.
num_vsnodes_deaths: 0.
num_space_committed: 701.
num_space_uncommitted: 0.
num_chunks_returned_to_freelist: 6.
num_chunks_taken_from_freelist: 2396.
num_chunk_merges: 3.
num_chunk_splits: 1668.
num_chunks_enlarged: 1248.
num_inconsistent_stats: 0.

CodeHeap 'non-profiled nmethods': size=120000Kb used=2890Kb max_used=2890Kb free=117109Kb
 bounds [0x000001c3961c0000, 0x000001c3964a0000, 0x000001c39d6f0000]
CodeHeap 'profiled nmethods': size=120000Kb used=10271Kb max_used=10271Kb free=109728Kb
 bounds [0x000001c38e6f0000, 0x000001c38f100000, 0x000001c395c20000]
CodeHeap 'non-nmethods': size=5760Kb used=1261Kb max_used=1332Kb free=4498Kb
 bounds [0x000001c395c20000, 0x000001c395e90000, 0x000001c3961c0000]
 total_blobs=5359 nmethods=4779 adapters=491
 compilation: enabled
              stopped_count=0, restarted_count=0
 full_count=0

Compilation events (20 events):
Event: 7.795 Thread 0x000001c384b44930 4783   !   3       java.util.AbstractList$Itr::next (46 bytes)
Event: 7.796 Thread 0x000001c384b44930 nmethod 4783 0x000001c38f0f5590 code [0x000001c38f0f57a0, 0x000001c38f0f5db8]
Event: 7.796 Thread 0x000001c384b44930 4784       3       java.util.AbstractList$Itr::checkForComodification (23 bytes)
Event: 7.797 Thread 0x000001c384b44930 nmethod 4784 0x000001c38f0f6090 code [0x000001c38f0f6240, 0x000001c38f0f6468]
Event: 7.803 Thread 0x000001c384b44930 4786       1       net.bytebuddy.description.method.MethodDescription$ForLoadedMethod::isConstructor (2 bytes)
Event: 7.803 Thread 0x000001c384b44930 nmethod 4786 0x000001c396492310 code [0x000001c3964924a0, 0x000001c396492578]
Event: 7.803 Thread 0x000001c384b44930 4788       3       net.bytebuddy.matcher.ElementMatcher$Junction$ForNonNullValues::matches (18 bytes)
Event: 7.803 Thread 0x000001c384b44930 nmethod 4788 0x000001c38f0f6590 code [0x000001c38f0f6740, 0x000001c38f0f69a8]
Event: 7.803 Thread 0x000001c384b44930 4787       1       net.bytebuddy.description.method.MethodDescription$ForLoadedMethod::isTypeInitializer (2 bytes)
Event: 7.803 Thread 0x000001c384b44930 nmethod 4787 0x000001c396492610 code [0x000001c3964927a0, 0x000001c396492878]
Event: 7.806 Thread 0x000001c384b44930 4789       3       net.bytebuddy.matcher.ElementMatcher$Junction$ForNonNullValues::<init> (5 bytes)
Event: 7.806 Thread 0x000001c384b44930 nmethod 4789 0x000001c38f0f6a90 code [0x000001c38f0f6c40, 0x000001c38f0f6df8]
Event: 7.821 Thread 0x000001c384b44930 4790       3       net.bytebuddy.description.TypeVariableSource$AbstractBase::<init> (5 bytes)
Event: 7.822 Thread 0x000001c384b44930 nmethod 4790 0x000001c38f0f6f10 code [0x000001c38f0f70c0, 0x000001c38f0f7278]
Event: 7.822 Thread 0x000001c384b44930 4791       3       net.bytebuddy.description.ModifierReviewable$AbstractBase::<init> (5 bytes)
Event: 7.822 Thread 0x000001c384b44930 nmethod 4791 0x000001c38f0f7390 code [0x000001c38f0f7520, 0x000001c38f0f7678]
Event: 7.839 Thread 0x000001c384b44930 4792       3       java.util.jar.JarFile$JarFileEntry::withBasename (7 bytes)
Event: 7.839 Thread 0x000001c384b44930 nmethod 4792 0x000001c38f0f7710 code [0x000001c38f0f78a0, 0x000001c38f0f79f8]
Event: 7.849 Thread 0x000001c384b44930 4793       3       jdk.internal.reflect.ClassFileAssembler::incStack (11 bytes)
Event: 7.849 Thread 0x000001c384b44930 nmethod 4793 0x000001c38f0f7a90 code [0x000001c38f0f7c20, 0x000001c38f0f7dd8]

GC Heap History (20 events):
Event: 1.949 GC heap after
{Heap after GC invocations=2 (full 0):
 garbage-first heap   total 131072K, used 10151K [0x0000000081c00000, 0x0000000100000000)
  region size 1024K, 3 young (3072K), 3 survivors (3072K)
 Metaspace       used 12691K, committed 12992K, reserved 1114112K
  class space    used 1682K, committed 1856K, reserved 1048576K
}
Event: 2.550 GC heap before
{Heap before GC invocations=2 (full 0):
 garbage-first heap   total 131072K, used 49063K [0x0000000081c00000, 0x0000000100000000)
  region size 1024K, 43 young (44032K), 3 survivors (3072K)
 Metaspace       used 21211K, committed 21504K, reserved 1114112K
  class space    used 2786K, committed 2944K, reserved 1048576K
}
Event: 2.556 GC heap after
{Heap after GC invocations=3 (full 0):
 garbage-first heap   total 131072K, used 13392K [0x0000000081c00000, 0x0000000100000000)
  region size 1024K, 6 young (6144K), 6 survivors (6144K)
 Metaspace       used 21211K, committed 21504K, reserved 1114112K
  class space    used 2786K, committed 2944K, reserved 1048576K
}
Event: 3.103 GC heap before
{Heap before GC invocations=4 (full 0):
 garbage-first heap   total 51200K, used 37968K [0x0000000081c00000, 0x0000000100000000)
  region size 1024K, 30 young (30720K), 6 survivors (6144K)
 Metaspace       used 23687K, committed 24064K, reserved 1114112K
  class space    used 3088K, committed 3264K, reserved 1048576K
}
Event: 3.109 GC heap after
{Heap after GC invocations=5 (full 0):
 garbage-first heap   total 51200K, used 15234K [0x0000000081c00000, 0x0000000100000000)
  region size 1024K, 3 young (3072K), 3 survivors (3072K)
 Metaspace       used 23687K, committed 24064K, reserved 1114112K
  class space    used 3088K, committed 3264K, reserved 1048576K
}
Event: 3.130 GC heap before
{Heap before GC invocations=5 (full 0):
 garbage-first heap   total 51200K, used 15234K [0x0000000081c00000, 0x0000000100000000)
  region size 1024K, 4 young (4096K), 3 survivors (3072K)
 Metaspace       used 23925K, committed 24256K, reserved 1114112K
  class space    used 3114K, committed 3264K, reserved 1048576K
}
Event: 3.133 GC heap after
{Heap after GC invocations=6 (full 0):
 garbage-first heap   total 51200K, used 15851K [0x0000000081c00000, 0x0000000100000000)
  region size 1024K, 1 young (1024K), 1 survivors (1024K)
 Metaspace       used 23925K, committed 24256K, reserved 1114112K
  class space    used 3114K, committed 3264K, reserved 1048576K
}
Event: 3.748 GC heap before
{Heap before GC invocations=6 (full 0):
 garbage-first heap   total 51200K, used 36331K [0x0000000081c00000, 0x0000000100000000)
  region size 1024K, 21 young (21504K), 1 survivors (1024K)
 Metaspace       used 26606K, committed 26944K, reserved 1114112K
  class space    used 3493K, committed 3648K, reserved 1048576K
}
Event: 3.750 GC heap after
{Heap after GC invocations=7 (full 0):
 garbage-first heap   total 51200K, used 16920K [0x0000000081c00000, 0x0000000100000000)
  region size 1024K, 2 young (2048K), 2 survivors (2048K)
 Metaspace       used 26606K, committed 26944K, reserved 1114112K
  class space    used 3493K, committed 3648K, reserved 1048576K
}
Event: 4.329 GC heap before
{Heap before GC invocations=7 (full 0):
 garbage-first heap   total 51200K, used 37400K [0x0000000081c00000, 0x0000000100000000)
  region size 1024K, 22 young (22528K), 2 survivors (2048K)
 Metaspace       used 31014K, committed 31360K, reserved 1114112K
  class space    used 4103K, committed 4288K, reserved 1048576K
}
Event: 4.332 GC heap after
{Heap after GC invocations=8 (full 0):
 garbage-first heap   total 51200K, used 19322K [0x0000000081c00000, 0x0000000100000000)
  region size 1024K, 3 young (3072K), 3 survivors (3072K)
 Metaspace       used 31014K, committed 31360K, reserved 1114112K
  class space    used 4103K, committed 4288K, reserved 1048576K
}
Event: 4.724 GC heap before
{Heap before GC invocations=8 (full 0):
 garbage-first heap   total 51200K, used 36730K [0x0000000081c00000, 0x0000000100000000)
  region size 1024K, 21 young (21504K), 3 survivors (3072K)
 Metaspace       used 33900K, committed 34368K, reserved 1114112K
  class space    used 4491K, committed 4672K, reserved 1048576K
}
Event: 4.728 GC heap after
{Heap after GC invocations=9 (full 0):
 garbage-first heap   total 51200K, used 20651K [0x0000000081c00000, 0x0000000100000000)
  region size 1024K, 2 young (2048K), 2 survivors (2048K)
 Metaspace       used 33900K, committed 34368K, reserved 1114112K
  class space    used 4491K, committed 4672K, reserved 1048576K
}
Event: 4.877 GC heap before
{Heap before GC invocations=9 (full 0):
 garbage-first heap   total 51200K, used 26795K [0x0000000081c00000, 0x0000000100000000)
  region size 1024K, 9 young (9216K), 2 survivors (2048K)
 Metaspace       used 35693K, committed 36096K, reserved 1114112K
  class space    used 4723K, committed 4928K, reserved 1048576K
}
Event: 4.880 GC heap after
{Heap after GC invocations=10 (full 0):
 garbage-first heap   total 51200K, used 20959K [0x0000000081c00000, 0x0000000100000000)
  region size 1024K, 2 young (2048K), 2 survivors (2048K)
 Metaspace       used 35693K, committed 36096K, reserved 1114112K
  class space    used 4723K, committed 4928K, reserved 1048576K
}
Event: 6.368 GC heap before
{Heap before GC invocations=11 (full 0):
 garbage-first heap   total 51200K, used 39391K [0x0000000081c00000, 0x0000000100000000)
  region size 1024K, 20 young (20480K), 2 survivors (2048K)
 Metaspace       used 40248K, committed 40768K, reserved 1114112K
  class space    used 5273K, committed 5504K, reserved 1048576K
}
Event: 6.374 GC heap after
{Heap after GC invocations=12 (full 0):
 garbage-first heap   total 51200K, used 22234K [0x0000000081c00000, 0x0000000100000000)
  region size 1024K, 2 young (2048K), 2 survivors (2048K)
 Metaspace       used 40248K, committed 40768K, reserved 1114112K
  class space    used 5273K, committed 5504K, reserved 1048576K
}
Event: 6.429 GC heap before
{Heap before GC invocations=12 (full 0):
 garbage-first heap   total 51200K, used 22234K [0x0000000081c00000, 0x0000000100000000)
  region size 1024K, 3 young (3072K), 2 survivors (2048K)
 Metaspace       used 40379K, committed 40896K, reserved 1114112K
  class space    used 5295K, committed 5568K, reserved 1048576K
}
Event: 6.435 GC heap after
{Heap after GC invocations=13 (full 0):
 garbage-first heap   total 51200K, used 21935K [0x0000000081c00000, 0x0000000100000000)
  region size 1024K, 1 young (1024K), 1 survivors (1024K)
 Metaspace       used 40379K, committed 40896K, reserved 1114112K
  class space    used 5295K, committed 5568K, reserved 1048576K
}
Event: 7.853 GC heap before
{Heap before GC invocations=13 (full 0):
 garbage-first heap   total 51200K, used 38319K [0x0000000081c00000, 0x0000000100000000)
  region size 1024K, 18 young (18432K), 1 survivors (1024K)
 Metaspace       used 44318K, committed 44864K, reserved 1114112K
  class space    used 5927K, committed 6208K, reserved 1048576K
}

Deoptimization events (20 events):
Event: 5.797 Thread 0x000001c3ec726360 DEOPT PACKING pc=0x000001c38f00f43b sp=0x0000007e1cbfe320
Event: 5.797 Thread 0x000001c3ec726360 DEOPT UNPACKING pc=0x000001c395c72b43 sp=0x0000007e1cbfd7f0 mode 0
Event: 5.854 Thread 0x000001c3eacee3b0 Uncommon trap: trap_request=0xffffff45 fr.pc=0x000001c3963ad508 relative=0x00000000000006c8
Event: 5.854 Thread 0x000001c3eacee3b0 Uncommon trap: reason=unstable_if action=reinterpret pc=0x000001c3963ad508 method=java.util.HashMap$HashIterator.<init>(Ljava/util/HashMap;)V @ 45 c2
Event: 5.854 Thread 0x000001c3eacee3b0 DEOPT PACKING pc=0x000001c3963ad508 sp=0x0000007e1bcfd1a0
Event: 5.854 Thread 0x000001c3eacee3b0 DEOPT UNPACKING pc=0x000001c395c723a3 sp=0x0000007e1bcfd030 mode 2
Event: 5.926 Thread 0x000001c3eacee3b0 Uncommon trap: trap_request=0xffffff45 fr.pc=0x000001c39643115c relative=0x0000000000004f3c
Event: 5.926 Thread 0x000001c3eacee3b0 Uncommon trap: reason=unstable_if action=reinterpret pc=0x000001c39643115c method=org.springframework.core.annotation.AnnotationsScanner.processClassInheritedAnnotations(Ljava/lang/Object;Ljava/lang/Class;Lorg/springframework/core/annotation/AnnotationsPr
Event: 5.926 Thread 0x000001c3eacee3b0 DEOPT PACKING pc=0x000001c39643115c sp=0x0000007e1bcfcde0
Event: 5.926 Thread 0x000001c3eacee3b0 DEOPT UNPACKING pc=0x000001c395c723a3 sp=0x0000007e1bcfcb68 mode 2
Event: 5.931 Thread 0x000001c3ec726360 DEOPT PACKING pc=0x000001c38f00f43b sp=0x0000007e1cbfe320
Event: 5.931 Thread 0x000001c3ec726360 DEOPT UNPACKING pc=0x000001c395c72b43 sp=0x0000007e1cbfd7f0 mode 0
Event: 5.987 Thread 0x000001c3eacee3b0 Uncommon trap: trap_request=0xfffffff4 fr.pc=0x000001c39635259c relative=0x000000000000075c
Event: 5.987 Thread 0x000001c3eacee3b0 Uncommon trap: reason=null_check action=make_not_entrant pc=0x000001c39635259c method=org.springframework.beans.factory.support.DefaultListableBeanFactory.getBeanDefinition(Ljava/lang/String;)Lorg/springframework/beans/factory/config/BeanDefinition; @ 10 
Event: 5.987 Thread 0x000001c3eacee3b0 DEOPT PACKING pc=0x000001c39635259c sp=0x0000007e1bcfc260
Event: 5.987 Thread 0x000001c3eacee3b0 DEOPT UNPACKING pc=0x000001c395c723a3 sp=0x0000007e1bcfc198 mode 2
Event: 6.100 Thread 0x000001c3eacee3b0 Uncommon trap: trap_request=0xffffff45 fr.pc=0x000001c3963d88f8 relative=0x00000000000039f8
Event: 6.100 Thread 0x000001c3eacee3b0 Uncommon trap: reason=unstable_if action=reinterpret pc=0x000001c3963d88f8 method=java.net.URL.<init>(Ljava/net/URL;Ljava/lang/String;Ljava/net/URLStreamHandler;)V @ 57 c2
Event: 6.100 Thread 0x000001c3eacee3b0 DEOPT PACKING pc=0x000001c3963d88f8 sp=0x0000007e1bcfd790
Event: 6.100 Thread 0x000001c3eacee3b0 DEOPT UNPACKING pc=0x000001c395c723a3 sp=0x0000007e1bcfd750 mode 2

Classes unloaded (0 events):
No events

Classes redefined (0 events):
No events

Internal exceptions (20 events):
Event: 5.429 Thread 0x000001c3eacee3b0 Implicit null exception at 0x000001c3963ac6ec to 0x000001c3963ac79c
Event: 5.493 Thread 0x000001c3eacee3b0 Exception <a 'java/lang/NoSuchMethodError'{0x0000000086c5fa60}: 'int java.lang.invoke.DirectMethodHandle$Holder.invokeStatic(java.lang.Object, java.lang.Object, java.lang.Object, java.lang.Object, java.lang.Object)'> (0x0000000086c5fa60) 
thrown [s\open\src\hotspot\share\interpreter\linkResolver.cpp, line 759]
Event: 5.509 Thread 0x000001c3eacee3b0 Exception <a 'java/lang/NoSuchMethodError'{0x0000000086cc43c0}: 'java.lang.Object java.lang.invoke.DirectMethodHandle$Holder.invokeSpecial(java.lang.Object, java.lang.Object, java.lang.Object, java.lang.Object, java.lang.Object, int, java.lang.Object)'> (0x0000000086cc43c0) 
thrown [s\open\src\hotspot\share\interpreter\linkResolver.cpp, line 759]
Event: 5.654 Thread 0x000001c3eacee3b0 Exception <a 'java/lang/NoSuchMethodError'{0x000000008433a758}: 'java.lang.Object java.lang.invoke.DelegatingMethodHandle$Holder.reinvoke_L(java.lang.Object, java.lang.Object, long, java.lang.Object, java.lang.Object, java.lang.Object, java.lang.Object, java.lang.Object, java.lang.Object, java.lang.Object, java.lang.Object, java.lang.Object, java.lang.Object, java.lang.Object, java.lang.Object, java.lang.Object)'> (0x000000008433a758) 
thrown [s\open\src\hotspot\share\interpreter\linkResolver.cpp, line 759
Event: 5.658 Thread 0x000001c3eacee3b0 Exception <a 'java/lang/NoSuchMethodError'{0x0000000084381bd0}: 'java.lang.Object java.lang.invoke.DirectMethodHandle$Holder.invokeSpecial(java.lang.Object, java.lang.Object, long, java.lang.Object, java.lang.Object, java.lang.Object, java.lang.Object, java.lang.Object, java.lang.Object, java.lang.Object, java.lang.Object, java.lang.Object, java.lang.Object, java.lang.Object, java.lang.Object, java.lang.Object)'> (0x0000000084381bd0) 
thrown [s\open\src\hotspot\share\interpreter\linkResolver.cpp, line 759]
Event: 5.658 Thread 0x000001c3eacee3b0 Exception <a 'java/lang/NoSuchMethodError'{0x0000000084386c10}: 'java.lang.Object java.lang.invoke.DelegatingMethodHandle$Holder.reinvoke_L(java.lang.Object, long, java.lang.Object, java.lang.Object, java.lang.Object, java.lang.Object, java.lang.Object, java.lang.Object, java.lang.Object, java.lang.Object, java.lang.Object, java.lang.Object, java.lang.Object, java.lang.Object, java.lang.Object)'> (0x0000000084386c10) 
thrown [s\open\src\hotspot\share\interpreter\linkResolver.cpp, line 759]
Event: 5.659 Thread 0x000001c3ec726360 Implicit null exception at 0x000001c396423757 to 0x000001c396424140
Event: 5.660 Thread 0x000001c3eacee3b0 Exception <a 'java/lang/NoSuchMethodError'{0x00000000843a0648}: 'java.lang.Object java.lang.invoke.DirectMethodHandle$Holder.invokeSpecial(java.lang.Object, java.lang.Object, java.lang.Object, java.lang.Object, java.lang.Object, java.lang.Object, java.lang.Object, java.lang.Object, java.lang.Object, java.lang.Object, java.lang.Object, java.lang.Object, java.lang.Object, java.lang.Object, java.lang.Object)'> (0x00000000843a0648) 
thrown [s\open\src\hotspot\share\interpreter\linkResolver.cpp, line 759]
Event: 5.660 Thread 0x000001c3eacee3b0 Exception <a 'java/lang/NoSuchMethodError'{0x00000000843a58e8}: 'java.lang.Object java.lang.invoke.Invokers$Holder.linkToTargetMethod(java.lang.Object, java.lang.Object, java.lang.Object, java.lang.Object, java.lang.Object, java.lang.Object, java.lang.Object, java.lang.Object, java.lang.Object, java.lang.Object, java.lang.Object, java.lang.Object, java.lang.Object, java.lang.Object)'> (0x00000000843a58e8) 
thrown [s\open\src\hotspot\share\interpreter\linkResolver.cpp, line 759]
Event: 5.688 Thread 0x000001c3eacee3b0 Exception <a 'java/lang/NoSuchMethodError'{0x000000008422fca8}: 'java.lang.Object java.lang.invoke.DirectMethodHandle$Holder.newInvokeSpecial(java.lang.Object, java.lang.Object, int)'> (0x000000008422fca8) 
thrown [s\open\src\hotspot\share\interpreter\linkResolver.cpp, line 759]
Event: 5.750 Thread 0x000001c3eacee3b0 Exception <a 'java/lang/NoSuchMethodError'{0x00000000842aef60}: 'java.lang.Object java.lang.invoke.DirectMethodHandle$Holder.newInvokeSpecial(java.lang.Object, java.lang.Object, java.lang.Object, java.lang.Object, int)'> (0x00000000842aef60) 
thrown [s\open\src\hotspot\share\interpreter\linkResolver.cpp, line 759]
Event: 5.751 Thread 0x000001c3eacee3b0 Exception <a 'java/lang/NoSuchMethodError'{0x00000000842b31a0}: 'java.lang.Object java.lang.invoke.DirectMethodHandle$Holder.invokeSpecial(java.lang.Object, java.lang.Object, java.lang.Object, java.lang.Object, java.lang.Object, int)'> (0x00000000842b31a0) 
thrown [s\open\src\hotspot\share\interpreter\linkResolver.cpp, line 759]
Event: 5.751 Thread 0x000001c3eacee3b0 Exception <a 'java/lang/NoSuchMethodError'{0x00000000842b6c88}: 'java.lang.Object java.lang.invoke.Invokers$Holder.linkToTargetMethod(java.lang.Object, java.lang.Object, java.lang.Object, int, java.lang.Object)'> (0x00000000842b6c88) 
thrown [s\open\src\hotspot\share\interpreter\linkResolver.cpp, line 759]
Event: 5.775 Thread 0x000001c3eacee3b0 Exception <a 'java/lang/NoSuchMethodError'{0x0000000084128800}: 'java.lang.Object java.lang.invoke.DirectMethodHandle$Holder.invokeSpecial(java.lang.Object, java.lang.Object, long, java.lang.Object, java.lang.Object, java.lang.Object, java.lang.Object, java.lang.Object, java.lang.Object, java.lang.Object, java.lang.Object, java.lang.Object, java.lang.Object)'> (0x0000000084128800) 
thrown [s\open\src\hotspot\share\interpreter\linkResolver.cpp, line 759]
Event: 5.775 Thread 0x000001c3eacee3b0 Exception <a 'java/lang/NoSuchMethodError'{0x000000008412d158}: 'java.lang.Object java.lang.invoke.DelegatingMethodHandle$Holder.reinvoke_L(java.lang.Object, long, java.lang.Object, java.lang.Object, java.lang.Object, java.lang.Object, java.lang.Object, java.lang.Object, java.lang.Object, java.lang.Object, java.lang.Object, java.lang.Object)'> (0x000000008412d158) 
thrown [s\open\src\hotspot\share\interpreter\linkResolver.cpp, line 759]
Event: 5.779 Thread 0x000001c3eacee3b0 Exception <a 'java/lang/NoSuchMethodError'{0x0000000084167ec0}: 'java.lang.Object java.lang.invoke.DirectMethodHandle$Holder.invokeSpecial(java.lang.Object, java.lang.Object, java.lang.Object, java.lang.Object, java.lang.Object, java.lang.Object, java.lang.Object, java.lang.Object, java.lang.Object, java.lang.Object, java.lang.Object, java.lang.Object)'> (0x0000000084167ec0) 
thrown [s\open\src\hotspot\share\interpreter\linkResolver.cpp, line 759]
Event: 5.779 Thread 0x000001c3eacee3b0 Exception <a 'java/lang/NoSuchMethodError'{0x000000008416cab8}: 'java.lang.Object java.lang.invoke.Invokers$Holder.linkToTargetMethod(java.lang.Object, java.lang.Object, java.lang.Object, java.lang.Object, java.lang.Object, java.lang.Object, java.lang.Object, java.lang.Object, java.lang.Object, java.lang.Object, java.lang.Object)'> (0x000000008416cab8) 
thrown [s\open\src\hotspot\share\interpreter\linkResolver.cpp, line 759]
Event: 5.868 Thread 0x000001c3eacee3b0 Exception <a 'java/lang/NoSuchMethodError'{0x00000000840a3dd0}: 'java.lang.Object java.lang.invoke.DirectMethodHandle$Holder.invokeStaticInit(java.lang.Object, java.lang.Object, java.lang.Object, java.lang.Object)'> (0x00000000840a3dd0) 
thrown [s\open\src\hotspot\share\interpreter\linkResolver.cpp, line 759]
Event: 5.987 Thread 0x000001c3eacee3b0 Implicit null exception at 0x000001c396352240 to 0x000001c39635258c
Event: 5.993 Thread 0x000001c3eacee3b0 Exception <a 'sun/nio/fs/WindowsException'{0x0000000083d21968}> (0x0000000083d21968) 
thrown [s\open\src\hotspot\share\prims\jni.cpp, line 516]

VM Operations (20 events):
Event: 4.910 Executing VM operation: G1Concurrent done
Event: 5.268 Executing VM operation: HandshakeAllThreads
Event: 5.268 Executing VM operation: HandshakeAllThreads done
Event: 5.276 Executing VM operation: HandshakeAllThreads
Event: 5.276 Executing VM operation: HandshakeAllThreads done
Event: 5.303 Executing VM operation: HandshakeAllThreads
Event: 5.303 Executing VM operation: HandshakeAllThreads done
Event: 5.907 Executing VM operation: HandshakeAllThreads
Event: 5.907 Executing VM operation: HandshakeAllThreads done
Event: 5.929 Executing VM operation: ICBufferFull
Event: 5.931 Executing VM operation: ICBufferFull done
Event: 6.368 Executing VM operation: G1CollectForAllocation
Event: 6.375 Executing VM operation: G1CollectForAllocation done
Event: 6.428 Executing VM operation: G1CollectForAllocation
Event: 6.435 Executing VM operation: G1CollectForAllocation done
Event: 6.518 Executing VM operation: HandshakeAllThreads
Event: 6.519 Executing VM operation: HandshakeAllThreads done
Event: 7.531 Executing VM operation: Cleanup
Event: 7.546 Executing VM operation: Cleanup done
Event: 7.853 Executing VM operation: G1CollectForAllocation

Events (20 events):
Event: 5.967 loading class javax/naming/Referenceable done
Event: 6.094 loading class java/lang/instrument/ClassFileTransformer
Event: 6.094 loading class java/lang/instrument/ClassFileTransformer done
Event: 6.359 Thread 0x000001c384b43a00 Thread exited: 0x000001c384b43a00
Event: 7.280 loading class javax/xml/stream/XMLEventReader
Event: 7.281 loading class javax/xml/stream/XMLEventReader done
Event: 7.281 loading class javax/xml/stream/XMLResolver
Event: 7.281 loading class javax/xml/stream/XMLResolver done
Event: 7.302 loading class javax/xml/stream/XMLEventFactory
Event: 7.302 loading class javax/xml/stream/XMLEventFactory done
Event: 7.302 loading class javax/xml/stream/FactoryFinder
Event: 7.303 loading class javax/xml/stream/FactoryFinder done
Event: 7.305 loading class javax/xml/stream/FactoryFinder$1
Event: 7.305 loading class javax/xml/stream/FactoryFinder$1 done
Event: 7.306 loading class com/sun/xml/internal/stream/events/XMLEventFactoryImpl
Event: 7.308 loading class com/sun/xml/internal/stream/events/XMLEventFactoryImpl done
Event: 7.432 loading class java/lang/Process
Event: 7.432 loading class java/lang/Process done
Event: 7.548 loading class java/lang/reflect/GenericSignatureFormatError
Event: 7.548 loading class java/lang/reflect/GenericSignatureFormatError done


Dynamic libraries:
0x00007ff68c810000 - 0x00007ff68c820000 	C:\Program Files\Java\jdk-17\bin\java.exe
0x00007ffad25c0000 - 0x00007ffad27c9000 	C:\WINDOWS\SYSTEM32\ntdll.dll
0x00007ffad14b0000 - 0x00007ffad156e000 	C:\WINDOWS\System32\KERNEL32.DLL
0x00007ffacfe10000 - 0x00007ffad018b000 	C:\WINDOWS\System32\KERNELBASE.dll
0x00007ffad01c0000 - 0x00007ffad02d1000 	C:\WINDOWS\System32\ucrtbase.dll
0x00007ffacaf50000 - 0x00007ffacaf69000 	C:\Program Files\Java\jdk-17\bin\jli.dll
0x00007ffad1390000 - 0x00007ffad143e000 	C:\WINDOWS\System32\ADVAPI32.dll
0x00007ffad0440000 - 0x00007ffad04e3000 	C:\WINDOWS\System32\msvcrt.dll
0x00007ffad12f0000 - 0x00007ffad138e000 	C:\WINDOWS\System32\sechost.dll
0x00007ffad1030000 - 0x00007ffad1150000 	C:\WINDOWS\System32\RPCRT4.dll
0x00007ffad05c0000 - 0x00007ffad076d000 	C:\WINDOWS\System32\USER32.dll
0x00007ffad0190000 - 0x00007ffad01b6000 	C:\WINDOWS\System32\win32u.dll
0x00007ffad0b90000 - 0x00007ffad0bb9000 	C:\WINDOWS\System32\GDI32.dll
0x00007ffacfcf0000 - 0x00007ffacfe08000 	C:\WINDOWS\System32\gdi32full.dll
0x00007ffad03a0000 - 0x00007ffad043d000 	C:\WINDOWS\System32\msvcp_win.dll
0x00007ffab75c0000 - 0x00007ffab75db000 	C:\Program Files\Java\jdk-17\bin\VCRUNTIME140.dll
0x00007ffabbff0000 - 0x00007ffabc295000 	C:\WINDOWS\WinSxS\amd64_microsoft.windows.common-controls_6595b64144ccf1df_6.0.22000.120_none_9d947278b86cc467\COMCTL32.dll
0x00007ffac4310000 - 0x00007ffac431a000 	C:\WINDOWS\SYSTEM32\VERSION.dll
0x00007ffad0990000 - 0x00007ffad09c2000 	C:\WINDOWS\System32\IMM32.DLL
0x00007ffabac50000 - 0x00007ffabad78000 	C:\Program Files (x86)\Citrix\ICA Client\epclient64.dll
0x00007ffacec20000 - 0x00007ffacec54000 	C:\WINDOWS\SYSTEM32\ntmarta.dll
0x00007ffab7af0000 - 0x00007ffab7afc000 	C:\Program Files\Java\jdk-17\bin\vcruntime140_1.dll
0x00007ffaa3bc0000 - 0x00007ffaa3c4e000 	C:\Program Files\Java\jdk-17\bin\msvcp140.dll
0x00007ffa1bba0000 - 0x00007ffa1c781000 	C:\Program Files\Java\jdk-17\bin\server\jvm.dll
0x00007ffad0bc0000 - 0x00007ffad0bc8000 	C:\WINDOWS\System32\PSAPI.DLL
0x00007ffabc2a0000 - 0x00007ffabc2a9000 	C:\WINDOWS\SYSTEM32\WSOCK32.dll
0x00007ffad1440000 - 0x00007ffad14af000 	C:\WINDOWS\System32\WS2_32.dll
0x00007ffac7660000 - 0x00007ffac7693000 	C:\WINDOWS\SYSTEM32\WINMM.dll
0x00007ffacec00000 - 0x00007ffacec18000 	C:\WINDOWS\SYSTEM32\kernel.appcore.dll
0x00007ffaac120000 - 0x00007ffaac12a000 	C:\Program Files\Java\jdk-17\bin\jimage.dll
0x00007ffacd550000 - 0x00007ffacd771000 	C:\WINDOWS\SYSTEM32\DBGHELP.DLL
0x00007ffab5d30000 - 0x00007ffab5d61000 	C:\WINDOWS\SYSTEM32\dbgcore.DLL
0x00007ffacfc00000 - 0x00007ffacfc7f000 	C:\WINDOWS\System32\bcryptPrimitives.dll
0x00007ffaa87f0000 - 0x00007ffaa87fe000 	C:\Program Files\Java\jdk-17\bin\instrument.dll
0x00007ffaa3a30000 - 0x00007ffaa3a55000 	C:\Program Files\Java\jdk-17\bin\java.dll
0x00007ffa6e040000 - 0x00007ffa6e117000 	C:\Program Files\Java\jdk-17\bin\jsvml.dll
0x00007ffad15d0000 - 0x00007ffad1d88000 	C:\WINDOWS\System32\SHELL32.dll
0x00007ffacdb90000 - 0x00007fface3f5000 	C:\WINDOWS\SYSTEM32\windows.storage.dll
0x00007ffad0bd0000 - 0x00007ffad0f48000 	C:\WINDOWS\System32\combase.dll
0x00007ffacda20000 - 0x00007ffacdb86000 	C:\WINDOWS\SYSTEM32\wintypes.dll
0x000001c3ea000000 - 0x000001c3ea0ea000 	C:\WINDOWS\System32\SHCORE.dll
0x00007ffad1570000 - 0x00007ffad15cd000 	C:\WINDOWS\System32\shlwapi.dll
0x00007ffacf9c0000 - 0x00007ffacf9e1000 	C:\WINDOWS\SYSTEM32\profapi.dll
0x00007ffaa3a10000 - 0x00007ffaa3a28000 	C:\Program Files\Java\jdk-17\bin\zip.dll
0x00007ffaa9ab0000 - 0x00007ffaa9ac9000 	C:\Program Files\Java\jdk-17\bin\net.dll
0x00007ffac7110000 - 0x00007ffac7224000 	C:\WINDOWS\SYSTEM32\WINHTTP.dll
0x00007ffacf0a0000 - 0x00007ffacf107000 	C:\WINDOWS\system32\mswsock.dll
0x00007ffaa3ad0000 - 0x00007ffaa3ae6000 	C:\Program Files\Java\jdk-17\bin\nio.dll
0x00007ffaa3a00000 - 0x00007ffaa3a0a000 	C:\Program Files\Java\jdk-17\bin\management.dll
0x00007ffaa39f0000 - 0x00007ffaa39fb000 	C:\Program Files\Java\jdk-17\bin\management_ext.dll
0x00007ffaa3d10000 - 0x00007ffaa3d1e000 	C:\Program Files\Java\jdk-17\bin\sunmscapi.dll
0x00007ffacfa90000 - 0x00007ffacfbf2000 	C:\WINDOWS\System32\CRYPT32.dll
0x00007ffacf440000 - 0x00007ffacf468000 	C:\WINDOWS\SYSTEM32\ncrypt.dll
0x00007ffacf400000 - 0x00007ffacf437000 	C:\WINDOWS\SYSTEM32\NTASN1.dll
0x00007ffacf2f0000 - 0x00007ffacf308000 	C:\WINDOWS\SYSTEM32\CRYPTSP.dll
0x00007ffaceb60000 - 0x00007ffaceb95000 	C:\WINDOWS\system32\rsaenh.dll
0x00007ffacf190000 - 0x00007ffacf1b9000 	C:\WINDOWS\SYSTEM32\USERENV.dll
0x00007ffacf470000 - 0x00007ffacf497000 	C:\WINDOWS\SYSTEM32\bcrypt.dll
0x00007ffacf2e0000 - 0x00007ffacf2ec000 	C:\WINDOWS\SYSTEM32\CRYPTBASE.dll
0x00007fface730000 - 0x00007fface75d000 	C:\WINDOWS\SYSTEM32\IPHLPAPI.DLL
0x00007ffad23e0000 - 0x00007ffad23e9000 	C:\WINDOWS\System32\NSI.dll
0x00007ffac7610000 - 0x00007ffac7629000 	C:\WINDOWS\SYSTEM32\dhcpcsvc6.DLL
0x00007ffac7ab0000 - 0x00007ffac7ace000 	C:\WINDOWS\SYSTEM32\dhcpcsvc.DLL
0x00007fface7a0000 - 0x00007fface888000 	C:\WINDOWS\SYSTEM32\DNSAPI.dll
0x00007ffac0750000 - 0x00007ffac075a000 	C:\Windows\System32\rasadhlp.dll
0x00007ffac40e0000 - 0x00007ffac4161000 	C:\WINDOWS\System32\fwpuclnt.dll

dbghelp: loaded successfully - version: 4.0.5 - missing functions: none
symbol engine: initialized successfully - sym options: 0x614 - pdb path: .;C:\Program Files\Java\jdk-17\bin;C:\WINDOWS\SYSTEM32;C:\WINDOWS\WinSxS\amd64_microsoft.windows.common-controls_6595b64144ccf1df_6.0.22000.120_none_9d947278b86cc467;C:\Program Files (x86)\Citrix\ICA Client;C:\Program Files\Java\jdk-17\bin\server

VM Arguments:
jvm_args: -javaagent:C:\Program Files\JetBrains\IntelliJ IDEA Community Edition 2025.1.4.1\lib\idea_rt.jar=62720 -Dfile.encoding=UTF-8 
java_command: com.articlehub.ArticlePlatformBackendApplication
java_class_path (initial): C:\Users\Harsha\IdeaProjects\article-platform-backend\target\classes;C:\Users\Harsha\.m2\repository\org\springframework\boot\spring-boot-starter-data-jpa\3.5.14\spring-boot-starter-data-jpa-3.5.14.jar;C:\Users\Harsha\.m2\repository\org\springframework\boot\spring-boot-starter\3.5.14\spring-boot-starter-3.5.14.jar;C:\Users\Harsha\.m2\repository\org\springframework\boot\spring-boot-starter-logging\3.5.14\spring-boot-starter-logging-3.5.14.jar;C:\Users\Harsha\.m2\repository\ch\qos\logback\logback-classic\1.5.32\logback-classic-1.5.32.jar;C:\Users\Harsha\.m2\repository\ch\qos\logback\logback-core\1.5.32\logback-core-1.5.32.jar;C:\Users\Harsha\.m2\repository\org\apache\logging\log4j\log4j-to-slf4j\2.24.3\log4j-to-slf4j-2.24.3.jar;C:\Users\Harsha\.m2\repository\org\apache\logging\log4j\log4j-api\2.24.3\log4j-api-2.24.3.jar;C:\Users\Harsha\.m2\repository\org\slf4j\jul-to-slf4j\2.0.17\jul-to-slf4j-2.0.17.jar;C:\Users\Harsha\.m2\repository\jakarta\annotation\jakarta.annotation-api\2.1.1\jakarta.annotation-api-2.1.1.jar;C:\Users\Harsha\.m2\repository\org\yaml\snakeyaml\2.4\snakeyaml-2.4.jar;C:\Users\Harsha\.m2\repository\org\springframework\boot\spring-boot-starter-jdbc\3.5.14\spring-boot-starter-jdbc-3.5.14.jar;C:\Users\Harsha\.m2\repository\com\zaxxer\HikariCP\6.3.3\HikariCP-6.3.3.jar;C:\Users\Harsha\.m2\repository\org\springframework\spring-jdbc\6.2.18\spring-jdbc-6.2.18.jar;C:\Users\Harsha\.m2\repository\org\hibernate\orm\hibernate-core\6.6.49.Final\hibernate-core-6.6.49.Final.jar;C:\Users\Harsha\.m2\repository\jakarta\persistence\jakarta.persistence-api\3.1.0\jakarta.persistence-api-3.1.0.jar;C:\Users\Harsha\.m2\repository\jakarta\transaction\jakarta.transaction-api\2.0.1\jakarta.transaction-api-2.0.1.jar;C:\Users\Harsha\.m2\repository\org\jboss\logging\jboss-logging\3.6.3.Final\jboss-logging-3.6.3.Final.jar;C:\Users\Harsha\.m2\repository\org\hibernate\common\hibernate-commons-annotations\7.0.3.Final\hibernate-commons-annotations-7.0.3.Final.
Launcher Type: SUN_STANDARD

[Global flags]
     intx CICompilerCount                          = 4                                         {product} {ergonomic}
     uint ConcGCThreads                            = 2                                         {product} {ergonomic}
     uint G1ConcRefinementThreads                  = 8                                         {product} {ergonomic}
   size_t G1HeapRegionSize                         = 1048576                                   {product} {ergonomic}
    uintx GCDrainStackTargetSize                   = 64                                        {product} {ergonomic}
   size_t InitialHeapSize                          = 134217728                                 {product} {ergonomic}
   size_t MarkStackSize                            = 4194304                                   {product} {ergonomic}
   size_t MaxHeapSize                              = 2118123520                                {product} {ergonomic}
   size_t MaxNewSize                               = 1270874112                                {product} {ergonomic}
   size_t MinHeapDeltaBytes                        = 1048576                                   {product} {ergonomic}
   size_t MinHeapSize                              = 8388608                                   {product} {ergonomic}
    uintx NonNMethodCodeHeapSize                   = 5839372                                {pd product} {ergonomic}
    uintx NonProfiledCodeHeapSize                  = 122909434                              {pd product} {ergonomic}
    uintx ProfiledCodeHeapSize                     = 122909434                              {pd product} {ergonomic}
    uintx ReservedCodeCacheSize                    = 251658240                              {pd product} {ergonomic}
     bool SegmentedCodeCache                       = true                                      {product} {ergonomic}
   size_t SoftMaxHeapSize                          = 2118123520                             {manageable} {ergonomic}
     bool UseCompressedClassPointers               = true                           {product lp64_product} {ergonomic}
     bool UseCompressedOops                        = true                           {product lp64_product} {ergonomic}
     bool UseG1GC                                  = true                                      {product} {ergonomic}
     bool UseLargePagesIndividualAllocation        = false                                  {pd product} {ergonomic}

Logging:
Log output configuration:
 #0: stdout all=warning uptime,level,tags
 #1: stderr all=off uptime,level,tags

Environment Variables:
JAVA_HOME=C:\Program Files\Java\jdk-17
CLASSPATH=.;C:\Program Files\Java\jdk-17\lib;%JAVA_HOME\jre\lib;C:\Program Files\Java\jdk-17\bin;C:\Program Files\apache-maven-3.9.6-bin\bin
PATH=C:\Program Files\Java\jdk-17\bin;C:\Program Files\Common Files\Oracle\Java\javapath;C:\Program Files (x86)\Intel\iCLS Client\;C:\Program Files\Intel\iCLS Client\;C:\windows\system32;C:\windows;C:\windows\System32\Wbem;C:\windows\System32\WindowsPowerShell\v1.0\;C:\Program Files (x86)\Intel\Intel(R) Management Engine Components\DAL;C:\Program Files\Intel\Intel(R) Management Engine Components\DAL;C:\Program Files (x86)\Intel\Intel(R) Management Engine Components\IPT;C:\Program Files\Intel\Intel(R) Management Engine Components\IPT;C:\Program Files (x86)\NVIDIA Corporation\PhysX\Common;C:\WINDOWS\system32;C:\WINDOWS;C:\WINDOWS\System32\Wbem;C:\WINDOWS\System32\WindowsPowerShell\v1.0\;C:\WINDOWS\System32\OpenSSH\;C:\Program Files (x86)\Brackets\command;C:\Program Files\Java\jdk-1.8\bin;C:\Program Files\PuTTY\;C:\Program Files\Intel\WiFi\bin\;C:\Program Files\Common Files\Intel\WirelessCommon\;C:\Program Files\Microsoft SQL Server\130\Tools\Binn\;C:\Program Files\nodejs\;C:\Program Files\Git\cmd;C:\Program Files\apache-maven-3.9.6-bin\bin;C:\Program Files\Java\jdk1.8\bin;;C:\Program Files\Docker\Docker\resources\bin;C:\Users\Harsha\AppData\Local\Microsoft\WindowsApps;C:\Users\Harsha\AppData\Local\GitHubDesktop\bin;C:\Users\Harsha\AppData\Local\Microsoft\WindowsApps;C:\Users\Harsha\AppData\Local\Programs\Microsoft VS Code\bin;C:\Users\Harsha\AppData\Roaming\npm;C:\Program Files\JetBrains\IntelliJ IDEA Community Edition 2024.1\bin;;C:\Program Files\Java\jdk1.8\bin;C:\Program Files\apache-maven-3.9.6-bin\bin;
USERNAME=Harsha
OS=Windows_NT
PROCESSOR_IDENTIFIER=Intel64 Family 6 Model 142 Stepping 10, GenuineIntel



---------------  S Y S T E M  ---------------

OS:
 Windows 11 , 64 bit Build 22000 (10.0.22000.1219)
OS uptime: 0 days 10:37 hours

CPU: total 8 (initial active 8) (4 cores per cpu, 2 threads per core) family 6 model 142 stepping 10 microcode 0xe0, cx8, cmov, fxsr, ht, mmx, 3dnowpref, sse, sse2, sse3, ssse3, sse4.1, sse4.2, popcnt, lzcnt, tsc, tscinvbit, avx, avx2, aes, erms, clmul, bmi1, bmi2, adx, fma, vzeroupper, clflush, clflushopt

Memory: 4k page, system-wide physical 8078M (223M free)
TotalPageFile size 32654M (AvailPageFile size 34M)
current process WorkingSet (physical memory assigned to process): 210M, peak: 210M
current process commit charge ("private bytes"): 248M, peak: 283M

vm_info: Java HotSpot(TM) 64-Bit Server VM (17.0.15+9-LTS-241) for windows-amd64 JRE (17.0.15+9-LTS-241), built on Feb 20 2025 10:49:54 by "mach5one" with MS VC++ 17.6 (VS2022)

END.
