#
# There is insufficient memory for the Java Runtime Environment to continue.
# Native memory allocation (mmap) failed to map 134217728 bytes for G1 virtual space
# Possible reasons:
#   The system is out of physical RAM or swap space
#   The process is running with CompressedOops enabled, and the Java Heap may be blocking the growth of the native heap
# Possible solutions:
#   Reduce memory load on the system
#   Increase physical memory or swap space
#   Check if swap backing store is full
#   Decrease Java heap size (-Xmx/-Xms)
#   Decrease number of Java threads
#   Decrease Java thread stack sizes (-Xss)
#   Set larger code cache with -XX:ReservedCodeCacheSize=
#   JVM is running with Unscaled Compressed Oops mode in which the Java heap is
#     placed in the first 4GB address space. The Java Heap base address is the
#     maximum limit for the native heap growth. Please use -XX:HeapBaseMinAddress
#     to set the Java Heap base and to place the Java Heap above 4GB virtual address.
# This output file may be truncated or incomplete.
#
#  Out of Memory Error (os_windows.cpp:3551), pid=31300, tid=26816
#
# JRE version:  (17.0.15+9) (build )
# Java VM: Java HotSpot(TM) 64-Bit Server VM (17.0.15+9-LTS-241, mixed mode, sharing, tiered, compressed oops, compressed class ptrs, g1 gc, windows-amd64)
# No core dump will be written. Minidumps are not enabled by default on client versions of Windows
#

---------------  S U M M A R Y ------------

Command Line: -Dclassworlds.conf=C:\Program Files\apache-maven-3.9.6-bin\bin\m2.conf -Dmaven.home=C:\Program Files\apache-maven-3.9.6-bin -Dlibrary.jansi.path=C:\Program Files\apache-maven-3.9.6-bin\lib\jansi-native -Dmaven.multiModuleProjectDirectory=C:\Users\Harsha\IdeaProjects\article-platform-backend org.codehaus.plexus.classworlds.launcher.Launcher clean install

Host: Intel(R) Core(TM) i7-8550U CPU @ 1.80GHz, 8 cores, 7G,  Windows 11 , 64 bit Build 22000 (10.0.22000.1219)
Time: Wed May  6 22:40:24 2026 India Standard Time elapsed time: 0.015272 seconds (0d 0h 0m 0s)

---------------  T H R E A D  ---------------

Current thread (0x000002876d5c2470):  JavaThread "Unknown thread" [_thread_in_vm, id=26816, stack(0x000000e3c6c00000,0x000000e3c6d00000)]

Stack: [0x000000e3c6c00000,0x000000e3c6d00000]
Native frames: (J=compiled Java code, j=interpreted, Vv=VM code, C=native code)
V  [jvm.dll+0x67a46a]
V  [jvm.dll+0x7da6ad]
V  [jvm.dll+0x7dbff3]
V  [jvm.dll+0x7dc663]
V  [jvm.dll+0x24523f]
V  [jvm.dll+0x677499]
V  [jvm.dll+0x66c122]
V  [jvm.dll+0x302156]
V  [jvm.dll+0x3096f6]
V  [jvm.dll+0x35a04e]
V  [jvm.dll+0x35a27f]
V  [jvm.dll+0x2d9228]
V  [jvm.dll+0x2da194]
V  [jvm.dll+0x7ace91]
V  [jvm.dll+0x3678b1]
V  [jvm.dll+0x78be69]
V  [jvm.dll+0x3ecc6e]
V  [jvm.dll+0x3ee8a1]
C  [jli.dll+0x5297]
C  [ucrtbase.dll+0x26c0c]
C  [KERNEL32.DLL+0x15550]
C  [ntdll.dll+0x485b]


---------------  P R O C E S S  ---------------

Threads class SMR info:
_java_thread_list=0x00007ffa5e438a18, length=0, elements={
}

Java Threads: ( => current thread )

Other Threads:
  0x000002876d61aa30 GCTaskThread "GC Thread#0" [stack: 0x000000e3c6d00000,0x000000e3c6e00000] [id=7820]
  0x000002876d62b600 ConcurrentGCThread "G1 Main Marker" [stack: 0x000000e3c6e00000,0x000000e3c6f00000] [id=35352]
  0x000002876d62c330 ConcurrentGCThread "G1 Conc#0" [stack: 0x000000e3c6f00000,0x000000e3c7000000] [id=33260]

[error occurred during error reporting (printing all threads), id 0xc0000005, EXCEPTION_ACCESS_VIOLATION (0xc0000005) at pc=0x00007ffa5dc69d17]

VM state: not at safepoint (not fully initialized)

VM Mutex/Monitor currently owned by a thread:  ([mutex/lock_event])
[0x000002876d5bc670] Heap_lock - owner thread: 0x000002876d5c2470

Heap address: 0x0000000081c00000, size: 2020 MB, Compressed Oops mode: 32-bit

CDS archive(s) mapped at: [0x0000000000000000-0x0000000000000000-0x0000000000000000), size 0, SharedBaseAddress: 0x0000000800000000, ArchiveRelocationMode: 1.
Narrow klass base: 0x0000000000000000, Narrow klass shift: 0, Narrow klass range: 0x0

GC Precious Log:
<Empty>

Heap:
 garbage-first heap   total 0K, used 0K [0x0000000081c00000, 0x0000000100000000)
  region size 1024K, 0 young (0K), 0 survivors (0K)

[error occurred during error reporting (printing heap information), id 0xc0000005, EXCEPTION_ACCESS_VIOLATION (0xc0000005) at pc=0x00007ffa5e053c09]

GC Heap History (0 events):
No events

Deoptimization events (0 events):
No events

Classes unloaded (0 events):
No events

Classes redefined (0 events):
No events

Internal exceptions (0 events):
No events

VM Operations (0 events):
No events

Events (1 events):
Event: 0.007 Loaded shared library C:\Program Files\Java\jdk-17\bin\java.dll


Dynamic libraries:
0x00007ff7d89a0000 - 0x00007ff7d89b0000 	C:\Program Files\Java\jdk-17\bin\java.exe
0x00007ffad25c0000 - 0x00007ffad27c9000 	C:\WINDOWS\SYSTEM32\ntdll.dll
0x00007ffad14b0000 - 0x00007ffad156e000 	C:\WINDOWS\System32\KERNEL32.DLL
0x00007ffacfe10000 - 0x00007ffad018b000 	C:\WINDOWS\System32\KERNELBASE.dll
0x00007ffad01c0000 - 0x00007ffad02d1000 	C:\WINDOWS\System32\ucrtbase.dll
0x00007ffabb500000 - 0x00007ffabb519000 	C:\Program Files\Java\jdk-17\bin\jli.dll
0x00007ffad1390000 - 0x00007ffad143e000 	C:\WINDOWS\System32\ADVAPI32.dll
0x00007ffad0440000 - 0x00007ffad04e3000 	C:\WINDOWS\System32\msvcrt.dll
0x00007ffad12f0000 - 0x00007ffad138e000 	C:\WINDOWS\System32\sechost.dll
0x00007ffad1030000 - 0x00007ffad1150000 	C:\WINDOWS\System32\RPCRT4.dll
0x00007ffad05c0000 - 0x00007ffad076d000 	C:\WINDOWS\System32\USER32.dll
0x00007ffad0190000 - 0x00007ffad01b6000 	C:\WINDOWS\System32\win32u.dll
0x00007ffad0b90000 - 0x00007ffad0bb9000 	C:\WINDOWS\System32\GDI32.dll
0x00007ffacfcf0000 - 0x00007ffacfe08000 	C:\WINDOWS\System32\gdi32full.dll
0x00007ffad03a0000 - 0x00007ffad043d000 	C:\WINDOWS\System32\msvcp_win.dll
0x00007ffabb4e0000 - 0x00007ffabb4fb000 	C:\Program Files\Java\jdk-17\bin\VCRUNTIME140.dll
0x00007ffabbff0000 - 0x00007ffabc295000 	C:\WINDOWS\WinSxS\amd64_microsoft.windows.common-controls_6595b64144ccf1df_6.0.22000.120_none_9d947278b86cc467\COMCTL32.dll
0x00007ffac4310000 - 0x00007ffac431a000 	C:\WINDOWS\SYSTEM32\VERSION.dll
0x00007ffad0990000 - 0x00007ffad09c2000 	C:\WINDOWS\System32\IMM32.DLL
0x00007ffabac50000 - 0x00007ffabad78000 	C:\Program Files (x86)\Citrix\ICA Client\epclient64.dll
0x00007ffacec20000 - 0x00007ffacec54000 	C:\WINDOWS\SYSTEM32\ntmarta.dll
0x00007ffabb4d0000 - 0x00007ffabb4dc000 	C:\Program Files\Java\jdk-17\bin\vcruntime140_1.dll
0x00007ffabb440000 - 0x00007ffabb4ce000 	C:\Program Files\Java\jdk-17\bin\msvcp140.dll
0x00007ffa5d980000 - 0x00007ffa5e561000 	C:\Program Files\Java\jdk-17\bin\server\jvm.dll
0x00007ffad0bc0000 - 0x00007ffad0bc8000 	C:\WINDOWS\System32\PSAPI.DLL
0x00007ffabc2a0000 - 0x00007ffabc2a9000 	C:\WINDOWS\SYSTEM32\WSOCK32.dll
0x00007ffad1440000 - 0x00007ffad14af000 	C:\WINDOWS\System32\WS2_32.dll
0x00007ffac7660000 - 0x00007ffac7693000 	C:\WINDOWS\SYSTEM32\WINMM.dll
0x00007ffacec00000 - 0x00007ffacec18000 	C:\WINDOWS\SYSTEM32\kernel.appcore.dll
0x00007ffabb430000 - 0x00007ffabb43a000 	C:\Program Files\Java\jdk-17\bin\jimage.dll
0x00007ffacd550000 - 0x00007ffacd771000 	C:\WINDOWS\SYSTEM32\DBGHELP.DLL
0x00007ffab5d30000 - 0x00007ffab5d61000 	C:\WINDOWS\SYSTEM32\dbgcore.DLL
0x00007ffacfc00000 - 0x00007ffacfc7f000 	C:\WINDOWS\System32\bcryptPrimitives.dll
0x00007ffab9910000 - 0x00007ffab9935000 	C:\Program Files\Java\jdk-17\bin\java.dll

dbghelp: loaded successfully - version: 4.0.5 - missing functions: none
symbol engine: initialized successfully - sym options: 0x614 - pdb path: .;C:\Program Files\Java\jdk-17\bin;C:\WINDOWS\SYSTEM32;C:\WINDOWS\WinSxS\amd64_microsoft.windows.common-controls_6595b64144ccf1df_6.0.22000.120_none_9d947278b86cc467;C:\Program Files (x86)\Citrix\ICA Client;C:\Program Files\Java\jdk-17\bin\server

VM Arguments:
jvm_args: -Dclassworlds.conf=C:\Program Files\apache-maven-3.9.6-bin\bin\m2.conf -Dmaven.home=C:\Program Files\apache-maven-3.9.6-bin -Dlibrary.jansi.path=C:\Program Files\apache-maven-3.9.6-bin\lib\jansi-native -Dmaven.multiModuleProjectDirectory=C:\Users\Harsha\IdeaProjects\article-platform-backend 
java_command: org.codehaus.plexus.classworlds.launcher.Launcher clean install
java_class_path (initial): C:\Program Files\apache-maven-3.9.6-bin\boot\plexus-classworlds-2.7.0.jar
Launcher Type: SUN_STANDARD

[Global flags]
     intx CICompilerCount                          = 4                                         {product} {ergonomic}
     uint ConcGCThreads                            = 2                                         {product} {ergonomic}
     uint G1ConcRefinementThreads                  = 8                                         {product} {ergonomic}
   size_t G1HeapRegionSize                         = 1048576                                   {product} {ergonomic}
    uintx GCDrainStackTargetSize                   = 64                                        {product} {ergonomic}
   size_t InitialHeapSize                          = 134217728                                 {product} {ergonomic}
   size_t MarkStackSize                            = 4194304                                   {product} {ergonomic}
   size_t MaxHeapSize                              = 2118123520                                {product} {ergonomic}
   size_t MinHeapDeltaBytes                        = 1048576                                   {product} {ergonomic}
   size_t MinHeapSize                              = 8388608                                   {product} {ergonomic}
    uintx NonNMethodCodeHeapSize                   = 5839372                                {pd product} {ergonomic}
    uintx NonProfiledCodeHeapSize                  = 122909434                              {pd product} {ergonomic}
    uintx ProfiledCodeHeapSize                     = 122909434                              {pd product} {ergonomic}
    uintx ReservedCodeCacheSize                    = 251658240                              {pd product} {ergonomic}
     bool SegmentedCodeCache                       = true                                      {product} {ergonomic}
   size_t SoftMaxHeapSize                          = 2118123520                             {manageable} {ergonomic}
     bool UseCompressedClassPointers               = true                           {product lp64_product} {ergonomic}
     bool UseCompressedOops                        = true                           {product lp64_product} {ergonomic}
     bool UseG1GC                                  = true                                      {product} {ergonomic}
     bool UseLargePagesIndividualAllocation        = false                                  {pd product} {ergonomic}

Logging:
Log output configuration:
 #0: stdout all=warning uptime,level,tags
 #1: stderr all=off uptime,level,tags

Environment Variables:
JAVA_HOME=C:\Program Files\Java\jdk-17
CLASSPATH=.;C:\Program Files\Java\jdk-17\lib;%JAVA_HOME\jre\lib;C:\Program Files\Java\jdk-17\bin;C:\Program Files\apache-maven-3.9.6-bin\bin
PATH=C:\Program Files\Java\jdk-17\bin;C:\Program Files\Common Files\Oracle\Java\javapath;C:\Program Files (x86)\Intel\iCLS Client\;C:\Program Files\Intel\iCLS Client\;C:\windows\system32;C:\windows;C:\windows\System32\Wbem;C:\windows\System32\WindowsPowerShell\v1.0\;C:\Program Files (x86)\Intel\Intel(R) Management Engine Components\DAL;C:\Program Files\Intel\Intel(R) Management Engine Components\DAL;C:\Program Files (x86)\Intel\Intel(R) Management Engine Components\IPT;C:\Program Files\Intel\Intel(R) Management Engine Components\IPT;C:\Program Files (x86)\NVIDIA Corporation\PhysX\Common;C:\WINDOWS\system32;C:\WINDOWS;C:\WINDOWS\System32\Wbem;C:\WINDOWS\System32\WindowsPowerShell\v1.0\;C:\WINDOWS\System32\OpenSSH\;C:\Program Files (x86)\Brackets\command;C:\Program Files\Java\jdk-1.8\bin;C:\Program Files\PuTTY\;C:\Program Files\Intel\WiFi\bin\;C:\Program Files\Common Files\Intel\WirelessCommon\;C:\Program Files\Microsoft SQL Server\130\Tools\Binn\;C:\Program Files\nodejs\;C:\Program Files\Git\cmd;C:\Program Files\apache-maven-3.9.6-bin\bin;C:\Program Files\Java\jdk1.8\bin;;C:\Program Files\Docker\Docker\resources\bin;C:\Users\Harsha\AppData\Local\Microsoft\WindowsApps;C:\Users\Harsha\AppData\Local\GitHubDesktop\bin;C:\Users\Harsha\AppData\Local\Microsoft\WindowsApps;C:\Users\Harsha\AppData\Local\Programs\Microsoft VS Code\bin;C:\Users\Harsha\AppData\Roaming\npm;C:\Program Files\JetBrains\IntelliJ IDEA Community Edition 2024.1\bin;;C:\Program Files\Java\jdk1.8\bin;C:\Program Files\apache-maven-3.9.6-bin\bin;
USERNAME=Harsha
OS=Windows_NT
PROCESSOR_IDENTIFIER=Intel64 Family 6 Model 142 Stepping 10, GenuineIntel



---------------  S Y S T E M  ---------------

OS:
 Windows 11 , 64 bit Build 22000 (10.0.22000.1219)
OS uptime: 0 days 10:34 hours

CPU: total 8 (initial active 8) (4 cores per cpu, 2 threads per core) family 6 model 142 stepping 10 microcode 0xe0, cx8, cmov, fxsr, ht, mmx, 3dnowpref, sse, sse2, sse3, ssse3, sse4.1, sse4.2, popcnt, lzcnt, tsc, tscinvbit, avx, avx2, aes, erms, clmul, bmi1, bmi2, adx, fma, vzeroupper, clflush, clflushopt

Memory: 4k page, system-wide physical 8078M (341M free)
TotalPageFile size 32654M (AvailPageFile size 50M)
current process WorkingSet (physical memory assigned to process): 11M, peak: 11M
current process commit charge ("private bytes"): 61M, peak: 189M

vm_info: Java HotSpot(TM) 64-Bit Server VM (17.0.15+9-LTS-241) for windows-amd64 JRE (17.0.15+9-LTS-241), built on Feb 20 2025 10:49:54 by "mach5one" with MS VC++ 17.6 (VS2022)

END.
